<?xml version="1.0" encoding="UTF-8"?>
<!-- Generated by org.testng.reporters.JUnitReportReporter -->
<testsuite hostname="DESKTOP-84DKASJ" failures="0" tests="1" name="abc.TestScript1" time="8.494" errors="0" timestamp="2023-03-07T14:35:17 IST" skipped="0">
  <testcase classname="abc.TestScript1" name="testSauceLogin" time="8.494"/>
  <system-out/>
</testsuite> <!-- abc.TestScript1 -->
