<?xml version="1.0" encoding="UTF-8"?>
<!-- Generated by org.testng.reporters.JUnitReportReporter -->
<testsuite hostname="DESKTOP-84DKASJ" failures="0" tests="1" name="abc.TestScript2" time="5.672" errors="0" timestamp="2023-03-07T15:06:09 IST" skipped="0">
  <testcase classname="abc.TestScript2" name="testAmazon" time="5.672"/>
  <system-out/>
</testsuite> <!-- abc.TestScript2 -->
